[2024-10-25 12:33:35] ERROR: uncaughtException: тип Unable to compile TypeScript:
[96msrc/middlewares/databaseErrorHandler.ts[0m:[93m7[0m:[93m51[0m - [91merror[0m[90m TS2304: [0mCannot find name 'req'.

[7m7[0m   logger.error(`Error: ${error.message} - Path: ${req.path}`)
[7m [0m [91m                                                  ~~~[0m

TSError: тип Unable to compile TypeScript:
[96msrc/middlewares/databaseErrorHandler.ts[0m:[93m7[0m:[93m51[0m - [91merror[0m[90m TS2304: [0mCannot find name 'req'.

[7m7[0m   logger.error(`Error: ${error.message} - Path: ${req.path}`)
[7m [0m [91m                                                  ~~~[0m

    at createTSError (C:\Users\mquir\Proyectos\pos_system\backend\node_modules\ts-node\src\index.ts:859:12)
    at reportTSError (C:\Users\mquir\Proyectos\pos_system\backend\node_modules\ts-node\src\index.ts:863:19)
    at getOutput (C:\Users\mquir\Proyectos\pos_system\backend\node_modules\ts-node\src\index.ts:1077:36)
    at Object.compile (C:\Users\mquir\Proyectos\pos_system\backend\node_modules\ts-node\src\index.ts:1433:41)
    at Module.m._compile (C:\Users\mquir\Proyectos\pos_system\backend\node_modules\ts-node\src\index.ts:1617:30)
    at Module._extensions..js (node:internal/modules/cjs/loader:1548:10)
    at Object.require.extensions.<computed> [as .ts] (C:\Users\mquir\Proyectos\pos_system\backend\node_modules\ts-node\src\index.ts:1621:12)
    at Module.load (node:internal/modules/cjs/loader:1288:32)
    at Function.Module._load (node:internal/modules/cjs/loader:1104:12)
    at Module.require (node:internal/modules/cjs/loader:1311:19).
[2024-10-25 12:49:01] ERROR: uncaughtException: тип Unable to compile TypeScript:
[96msrc/middlewares/errorHandler.ts[0m:[93m41[0m:[93m48[0m - [91merror[0m[90m TS2304: [0mCannot find name 'Vali'.

[7m41[0m   logger.error(`Error: ${err.message || err as Vali} - Path: ${req.path} - Method: ${req.method}`);
[7m  [0m [91m                                               ~~~~[0m

TSError: тип Unable to compile TypeScript:
[96msrc/middlewares/errorHandler.ts[0m:[93m41[0m:[93m48[0m - [91merror[0m[90m TS2304: [0mCannot find name 'Vali'.

[7m41[0m   logger.error(`Error: ${err.message || err as Vali} - Path: ${req.path} - Method: ${req.method}`);
[7m  [0m [91m                                               ~~~~[0m

    at createTSError (C:\Users\mquir\Proyectos\pos_system\backend\node_modules\ts-node\src\index.ts:859:12)
    at reportTSError (C:\Users\mquir\Proyectos\pos_system\backend\node_modules\ts-node\src\index.ts:863:19)
    at getOutput (C:\Users\mquir\Proyectos\pos_system\backend\node_modules\ts-node\src\index.ts:1077:36)
    at Object.compile (C:\Users\mquir\Proyectos\pos_system\backend\node_modules\ts-node\src\index.ts:1433:41)
    at Module.m._compile (C:\Users\mquir\Proyectos\pos_system\backend\node_modules\ts-node\src\index.ts:1617:30)
    at Module._extensions..js (node:internal/modules/cjs/loader:1548:10)
    at Object.require.extensions.<computed> [as .ts] (C:\Users\mquir\Proyectos\pos_system\backend\node_modules\ts-node\src\index.ts:1621:12)
    at Module.load (node:internal/modules/cjs/loader:1288:32)
    at Function.Module._load (node:internal/modules/cjs/loader:1104:12)
    at Module.require (node:internal/modules/cjs/loader:1311:19).
[2024-10-25 12:49:16] ERROR: uncaughtException: тип Unable to compile TypeScript:
[96msrc/middlewares/errorHandler.ts[0m:[93m41[0m:[93m66[0m - [91merror[0m[90m TS1003: [0mIdentifier expected.

[7m41[0m   logger.error(`Error: ${err.message || (err as ValidationError).} - Path: ${req.path} - Method: ${req.method}`);
[7m  [0m [91m                                                                 ~[0m

TSError: тип Unable to compile TypeScript:
[96msrc/middlewares/errorHandler.ts[0m:[93m41[0m:[93m66[0m - [91merror[0m[90m TS1003: [0mIdentifier expected.

[7m41[0m   logger.error(`Error: ${err.message || (err as ValidationError).} - Path: ${req.path} - Method: ${req.method}`);
[7m  [0m [91m                                                                 ~[0m

    at createTSError (C:\Users\mquir\Proyectos\pos_system\backend\node_modules\ts-node\src\index.ts:859:12)
    at reportTSError (C:\Users\mquir\Proyectos\pos_system\backend\node_modules\ts-node\src\index.ts:863:19)
    at getOutput (C:\Users\mquir\Proyectos\pos_system\backend\node_modules\ts-node\src\index.ts:1077:36)
    at Object.compile (C:\Users\mquir\Proyectos\pos_system\backend\node_modules\ts-node\src\index.ts:1433:41)
    at Module.m._compile (C:\Users\mquir\Proyectos\pos_system\backend\node_modules\ts-node\src\index.ts:1617:30)
    at Module._extensions..js (node:internal/modules/cjs/loader:1548:10)
    at Object.require.extensions.<computed> [as .ts] (C:\Users\mquir\Proyectos\pos_system\backend\node_modules\ts-node\src\index.ts:1621:12)
    at Module.load (node:internal/modules/cjs/loader:1288:32)
    at Function.Module._load (node:internal/modules/cjs/loader:1104:12)
    at Module.require (node:internal/modules/cjs/loader:1311:19).
[2024-10-25 12:50:25] ERROR: uncaughtException: тип Unable to compile TypeScript:
[96msrc/middlewares/errorHandler.ts[0m:[93m41[0m:[93m69[0m - [91merror[0m[90m TS2339: [0mProperty 'property' does not exist on type 'ValidationError[]'.

[7m41[0m   logger.error(`Error: ${err.message || (err as ValidationError[])?.property} - Path: ${req.path} - Method: ${req.method}`);
[7m  [0m [91m                                                                    ~~~~~~~~[0m

TSError: тип Unable to compile TypeScript:
[96msrc/middlewares/errorHandler.ts[0m:[93m41[0m:[93m69[0m - [91merror[0m[90m TS2339: [0mProperty 'property' does not exist on type 'ValidationError[]'.

[7m41[0m   logger.error(`Error: ${err.message || (err as ValidationError[])?.property} - Path: ${req.path} - Method: ${req.method}`);
[7m  [0m [91m                                                                    ~~~~~~~~[0m

    at createTSError (C:\Users\mquir\Proyectos\pos_system\backend\node_modules\ts-node\src\index.ts:859:12)
    at reportTSError (C:\Users\mquir\Proyectos\pos_system\backend\node_modules\ts-node\src\index.ts:863:19)
    at getOutput (C:\Users\mquir\Proyectos\pos_system\backend\node_modules\ts-node\src\index.ts:1077:36)
    at Object.compile (C:\Users\mquir\Proyectos\pos_system\backend\node_modules\ts-node\src\index.ts:1433:41)
    at Module.m._compile (C:\Users\mquir\Proyectos\pos_system\backend\node_modules\ts-node\src\index.ts:1617:30)
    at Module._extensions..js (node:internal/modules/cjs/loader:1548:10)
    at Object.require.extensions.<computed> [as .ts] (C:\Users\mquir\Proyectos\pos_system\backend\node_modules\ts-node\src\index.ts:1621:12)
    at Module.load (node:internal/modules/cjs/loader:1288:32)
    at Function.Module._load (node:internal/modules/cjs/loader:1104:12)
    at Module.require (node:internal/modules/cjs/loader:1311:19).
[2024-10-25 15:15:44] ERROR: uncaughtException: тип Unable to compile TypeScript:
[96msrc/middlewares/errorHandler.ts[0m:[93m47[0m:[93m62[0m - [91merror[0m[90m TS2345: [0mArgument of type 'string' is not assignable to parameter of type 'ValidationError[]'.

[7m47[0m     logger.warn(`Validation error: ${extractValidationErrors(errorMessages)} - Path: ${req.path}`);
[7m  [0m [91m                                                             ~~~~~~~~~~~~~[0m

TSError: тип Unable to compile TypeScript:
[96msrc/middlewares/errorHandler.ts[0m:[93m47[0m:[93m62[0m - [91merror[0m[90m TS2345: [0mArgument of type 'string' is not assignable to parameter of type 'ValidationError[]'.

[7m47[0m     logger.warn(`Validation error: ${extractValidationErrors(errorMessages)} - Path: ${req.path}`);
[7m  [0m [91m                                                             ~~~~~~~~~~~~~[0m

    at createTSError (C:\Users\mquir\Proyectos\pos_system\backend\node_modules\ts-node\src\index.ts:859:12)
    at reportTSError (C:\Users\mquir\Proyectos\pos_system\backend\node_modules\ts-node\src\index.ts:863:19)
    at getOutput (C:\Users\mquir\Proyectos\pos_system\backend\node_modules\ts-node\src\index.ts:1077:36)
    at Object.compile (C:\Users\mquir\Proyectos\pos_system\backend\node_modules\ts-node\src\index.ts:1433:41)
    at Module.m._compile (C:\Users\mquir\Proyectos\pos_system\backend\node_modules\ts-node\src\index.ts:1617:30)
    at Module._extensions..js (node:internal/modules/cjs/loader:1548:10)
    at Object.require.extensions.<computed> [as .ts] (C:\Users\mquir\Proyectos\pos_system\backend\node_modules\ts-node\src\index.ts:1621:12)
    at Module.load (node:internal/modules/cjs/loader:1288:32)
    at Function.Module._load (node:internal/modules/cjs/loader:1104:12)
    at Module.require (node:internal/modules/cjs/loader:1311:19).
[2024-10-25 15:16:49] ERROR: uncaughtException: тип Unable to compile TypeScript:
[96msrc/middlewares/errorHandler.ts[0m:[93m47[0m:[93m31[0m - [91merror[0m[90m TS2304: [0mCannot find name 'constraints'.

[7m47[0m     console.log(errorMessages?constraints);
[7m  [0m [91m                              ~~~~~~~~~~~[0m
[96msrc/middlewares/errorHandler.ts[0m:[93m47[0m:[93m42[0m - [91merror[0m[90m TS1005: [0m':' expected.

[7m47[0m     console.log(errorMessages?constraints);
[7m  [0m [91m                                         ~[0m

TSError: тип Unable to compile TypeScript:
[96msrc/middlewares/errorHandler.ts[0m:[93m47[0m:[93m31[0m - [91merror[0m[90m TS2304: [0mCannot find name 'constraints'.

[7m47[0m     console.log(errorMessages?constraints);
[7m  [0m [91m                              ~~~~~~~~~~~[0m
[96msrc/middlewares/errorHandler.ts[0m:[93m47[0m:[93m42[0m - [91merror[0m[90m TS1005: [0m':' expected.

[7m47[0m     console.log(errorMessages?constraints);
[7m  [0m [91m                                         ~[0m

    at createTSError (C:\Users\mquir\Proyectos\pos_system\backend\node_modules\ts-node\src\index.ts:859:12)
    at reportTSError (C:\Users\mquir\Proyectos\pos_system\backend\node_modules\ts-node\src\index.ts:863:19)
    at getOutput (C:\Users\mquir\Proyectos\pos_system\backend\node_modules\ts-node\src\index.ts:1077:36)
    at Object.compile (C:\Users\mquir\Proyectos\pos_system\backend\node_modules\ts-node\src\index.ts:1433:41)
    at Module.m._compile (C:\Users\mquir\Proyectos\pos_system\backend\node_modules\ts-node\src\index.ts:1617:30)
    at Module._extensions..js (node:internal/modules/cjs/loader:1548:10)
    at Object.require.extensions.<computed> [as .ts] (C:\Users\mquir\Proyectos\pos_system\backend\node_modules\ts-node\src\index.ts:1621:12)
    at Module.load (node:internal/modules/cjs/loader:1288:32)
    at Function.Module._load (node:internal/modules/cjs/loader:1104:12)
    at Module.require (node:internal/modules/cjs/loader:1311:19).
[2024-10-25 15:16:54] ERROR: uncaughtException: тип Unable to compile TypeScript:
[96msrc/middlewares/errorHandler.ts[0m:[93m47[0m:[93m32[0m - [91merror[0m[90m TS2339: [0mProperty 'constraints' does not exist on type 'string'.

[7m47[0m     console.log(errorMessages?.constraints);
[7m  [0m [91m                               ~~~~~~~~~~~[0m

TSError: тип Unable to compile TypeScript:
[96msrc/middlewares/errorHandler.ts[0m:[93m47[0m:[93m32[0m - [91merror[0m[90m TS2339: [0mProperty 'constraints' does not exist on type 'string'.

[7m47[0m     console.log(errorMessages?.constraints);
[7m  [0m [91m                               ~~~~~~~~~~~[0m

    at createTSError (C:\Users\mquir\Proyectos\pos_system\backend\node_modules\ts-node\src\index.ts:859:12)
    at reportTSError (C:\Users\mquir\Proyectos\pos_system\backend\node_modules\ts-node\src\index.ts:863:19)
    at getOutput (C:\Users\mquir\Proyectos\pos_system\backend\node_modules\ts-node\src\index.ts:1077:36)
    at Object.compile (C:\Users\mquir\Proyectos\pos_system\backend\node_modules\ts-node\src\index.ts:1433:41)
    at Module.m._compile (C:\Users\mquir\Proyectos\pos_system\backend\node_modules\ts-node\src\index.ts:1617:30)
    at Module._extensions..js (node:internal/modules/cjs/loader:1548:10)
    at Object.require.extensions.<computed> [as .ts] (C:\Users\mquir\Proyectos\pos_system\backend\node_modules\ts-node\src\index.ts:1621:12)
    at Module.load (node:internal/modules/cjs/loader:1288:32)
    at Function.Module._load (node:internal/modules/cjs/loader:1104:12)
    at Module.require (node:internal/modules/cjs/loader:1311:19).
[2024-10-25 15:17:01] ERROR: uncaughtException: тип Unable to compile TypeScript:
[96msrc/middlewares/errorHandler.ts[0m:[93m47[0m:[93m34[0m - [91merror[0m[90m TS2339: [0mProperty 'constraints' does not exist on type 'string'.

[7m47[0m     console.log((errorMessages)?.constraints);
[7m  [0m [91m                                 ~~~~~~~~~~~[0m

TSError: тип Unable to compile TypeScript:
[96msrc/middlewares/errorHandler.ts[0m:[93m47[0m:[93m34[0m - [91merror[0m[90m TS2339: [0mProperty 'constraints' does not exist on type 'string'.

[7m47[0m     console.log((errorMessages)?.constraints);
[7m  [0m [91m                                 ~~~~~~~~~~~[0m

    at createTSError (C:\Users\mquir\Proyectos\pos_system\backend\node_modules\ts-node\src\index.ts:859:12)
    at reportTSError (C:\Users\mquir\Proyectos\pos_system\backend\node_modules\ts-node\src\index.ts:863:19)
    at getOutput (C:\Users\mquir\Proyectos\pos_system\backend\node_modules\ts-node\src\index.ts:1077:36)
    at Object.compile (C:\Users\mquir\Proyectos\pos_system\backend\node_modules\ts-node\src\index.ts:1433:41)
    at Module.m._compile (C:\Users\mquir\Proyectos\pos_system\backend\node_modules\ts-node\src\index.ts:1617:30)
    at Module._extensions..js (node:internal/modules/cjs/loader:1548:10)
    at Object.require.extensions.<computed> [as .ts] (C:\Users\mquir\Proyectos\pos_system\backend\node_modules\ts-node\src\index.ts:1621:12)
    at Module.load (node:internal/modules/cjs/loader:1288:32)
    at Function.Module._load (node:internal/modules/cjs/loader:1104:12)
    at Module.require (node:internal/modules/cjs/loader:1311:19).
[2024-10-25 15:20:28] ERROR: uncaughtException: тип Unable to compile TypeScript:
[96msrc/middlewares/errorHandler.ts[0m:[93m41[0m:[93m51[0m - [91merror[0m[90m TS2339: [0mProperty 'message' does not exist on type 'ValidationError'.

[7m41[0m   logger.error(`Error: ${(err as ValidationError).message} - Path: ${req.path} - Method: ${req.method}`);
[7m  [0m [91m                                                  ~~~~~~~[0m

TSError: тип Unable to compile TypeScript:
[96msrc/middlewares/errorHandler.ts[0m:[93m41[0m:[93m51[0m - [91merror[0m[90m TS2339: [0mProperty 'message' does not exist on type 'ValidationError'.

[7m41[0m   logger.error(`Error: ${(err as ValidationError).message} - Path: ${req.path} - Method: ${req.method}`);
[7m  [0m [91m                                                  ~~~~~~~[0m

    at createTSError (C:\Users\mquir\Proyectos\pos_system\backend\node_modules\ts-node\src\index.ts:859:12)
    at reportTSError (C:\Users\mquir\Proyectos\pos_system\backend\node_modules\ts-node\src\index.ts:863:19)
    at getOutput (C:\Users\mquir\Proyectos\pos_system\backend\node_modules\ts-node\src\index.ts:1077:36)
    at Object.compile (C:\Users\mquir\Proyectos\pos_system\backend\node_modules\ts-node\src\index.ts:1433:41)
    at Module.m._compile (C:\Users\mquir\Proyectos\pos_system\backend\node_modules\ts-node\src\index.ts:1617:30)
    at Module._extensions..js (node:internal/modules/cjs/loader:1548:10)
    at Object.require.extensions.<computed> [as .ts] (C:\Users\mquir\Proyectos\pos_system\backend\node_modules\ts-node\src\index.ts:1621:12)
    at Module.load (node:internal/modules/cjs/loader:1288:32)
    at Function.Module._load (node:internal/modules/cjs/loader:1104:12)
    at Module.require (node:internal/modules/cjs/loader:1311:19).
[2024-10-25 15:21:38] ERROR: uncaughtException: тип Unable to compile TypeScript:
[96msrc/middlewares/errorHandler.ts[0m:[93m40[0m:[93m39[0m - [91merror[0m[90m TS2345: [0mArgument of type 'ValidationError' is not assignable to parameter of type 'ValidationError[]'.
  Type 'ValidationError' is missing the following properties from type 'ValidationError[]': length, pop, push, concat, and 29 more.

[7m40[0m   console.log(extractValidationErrors(err as ValidationError));
[7m  [0m [91m                                      ~~~~~~~~~~~~~~~~~~~~~~[0m

TSError: тип Unable to compile TypeScript:
[96msrc/middlewares/errorHandler.ts[0m:[93m40[0m:[93m39[0m - [91merror[0m[90m TS2345: [0mArgument of type 'ValidationError' is not assignable to parameter of type 'ValidationError[]'.
  Type 'ValidationError' is missing the following properties from type 'ValidationError[]': length, pop, push, concat, and 29 more.

[7m40[0m   console.log(extractValidationErrors(err as ValidationError));
[7m  [0m [91m                                      ~~~~~~~~~~~~~~~~~~~~~~[0m

    at createTSError (C:\Users\mquir\Proyectos\pos_system\backend\node_modules\ts-node\src\index.ts:859:12)
    at reportTSError (C:\Users\mquir\Proyectos\pos_system\backend\node_modules\ts-node\src\index.ts:863:19)
    at getOutput (C:\Users\mquir\Proyectos\pos_system\backend\node_modules\ts-node\src\index.ts:1077:36)
    at Object.compile (C:\Users\mquir\Proyectos\pos_system\backend\node_modules\ts-node\src\index.ts:1433:41)
    at Module.m._compile (C:\Users\mquir\Proyectos\pos_system\backend\node_modules\ts-node\src\index.ts:1617:30)
    at Module._extensions..js (node:internal/modules/cjs/loader:1548:10)
    at Object.require.extensions.<computed> [as .ts] (C:\Users\mquir\Proyectos\pos_system\backend\node_modules\ts-node\src\index.ts:1621:12)
    at Module.load (node:internal/modules/cjs/loader:1288:32)
    at Function.Module._load (node:internal/modules/cjs/loader:1104:12)
    at Module.require (node:internal/modules/cjs/loader:1311:19).
[2024-10-25 15:22:14] ERROR: uncaughtException: тип Unable to compile TypeScript:
[96msrc/middlewares/errorHandler.ts[0m:[93m41[0m:[93m51[0m - [91merror[0m[90m TS2345: [0mArgument of type 'ValidationError' is not assignable to parameter of type 'ValidationError[]'.
  Type 'ValidationError' is missing the following properties from type 'ValidationError[]': length, pop, push, concat, and 29 more.

[7m41[0m   logger.error(`Error: ${extractValidationErrors((err as ValidationError)} - Path: ${req.path} - Method: ${req.method}`);
[7m  [0m [91m                                                  ~~~~~~~~~~~~~~~~~~~~~~[0m
[96msrc/middlewares/errorHandler.ts[0m:[93m41[0m:[93m74[0m - [91merror[0m[90m TS1005: [0m',' expected.

[7m41[0m   logger.error(`Error: ${extractValidationErrors((err as ValidationError)} - Path: ${req.path} - Method: ${req.method}`);
[7m  [0m [91m                                                                         ~[0m

TSError: тип Unable to compile TypeScript:
[96msrc/middlewares/errorHandler.ts[0m:[93m41[0m:[93m51[0m - [91merror[0m[90m TS2345: [0mArgument of type 'ValidationError' is not assignable to parameter of type 'ValidationError[]'.
  Type 'ValidationError' is missing the following properties from type 'ValidationError[]': length, pop, push, concat, and 29 more.

[7m41[0m   logger.error(`Error: ${extractValidationErrors((err as ValidationError)} - Path: ${req.path} - Method: ${req.method}`);
[7m  [0m [91m                                                  ~~~~~~~~~~~~~~~~~~~~~~[0m
[96msrc/middlewares/errorHandler.ts[0m:[93m41[0m:[93m74[0m - [91merror[0m[90m TS1005: [0m',' expected.

[7m41[0m   logger.error(`Error: ${extractValidationErrors((err as ValidationError)} - Path: ${req.path} - Method: ${req.method}`);
[7m  [0m [91m                                                                         ~[0m

    at createTSError (C:\Users\mquir\Proyectos\pos_system\backend\node_modules\ts-node\src\index.ts:859:12)
    at reportTSError (C:\Users\mquir\Proyectos\pos_system\backend\node_modules\ts-node\src\index.ts:863:19)
    at getOutput (C:\Users\mquir\Proyectos\pos_system\backend\node_modules\ts-node\src\index.ts:1077:36)
    at Object.compile (C:\Users\mquir\Proyectos\pos_system\backend\node_modules\ts-node\src\index.ts:1433:41)
    at Module.m._compile (C:\Users\mquir\Proyectos\pos_system\backend\node_modules\ts-node\src\index.ts:1617:30)
    at Module._extensions..js (node:internal/modules/cjs/loader:1548:10)
    at Object.require.extensions.<computed> [as .ts] (C:\Users\mquir\Proyectos\pos_system\backend\node_modules\ts-node\src\index.ts:1621:12)
    at Module.load (node:internal/modules/cjs/loader:1288:32)
    at Function.Module._load (node:internal/modules/cjs/loader:1104:12)
    at Module.require (node:internal/modules/cjs/loader:1311:19).
